number,value,datetime_start,datetime_complete,duration,params_depth,params_iterations,params_l2_leaf_reg,params_learning_rate,system_attrs_tpe:relative_params:0,state
0,281231.00626526953,2026-09-28 05:58:53.970974,2026-09-28 05:58:58.227571,0 days 00:00:04.256597,10,437,0.24810409748678125,0.1205712628744377,,COMPLETE
1,278878.40935331746,2026-09-28 05:58:58.229696,2026-09-28 05:58:58.962471,0 days 00:00:00.732775,5,240,2.9154431891537547,0.012184186502221764,,COMPLETE
2,283000.0616200019,2026-09-28 05:58:58.964590,2026-09-28 05:59:02.458323,0 days 00:00:03.493733,8,641,7.579479953348009,0.010725209743171997,,COMPLETE
3,296564.9593499217,2026-09-28 05:59:02.459456,2026-09-28 05:59:04.839166,0 days 00:00:02.379710,5,850,0.00541524411940254,0.01855998084649059,,COMPLETE
4,283810.8171909219,2026-09-28 05:59:04.840340,2026-09-28 05:59:06.819093,0 days 00:00:01.978753,7,374,0.014618962793704957,0.04345454109729477,,COMPLETE
5,242446.33764169525,2026-09-28 05:59:06.821389,2026-09-28 05:59:07.307764,0 days 00:00:00.486375,4,651,0.029204338471814112,0.027010527749605478,,PRUNED
6,230855.99670952838,2026-09-28 05:59:07.309198,2026-09-28 05:59:08.999389,0 days 00:00:01.690191,9,510,0.11400863701127326,0.019721610970574007,,PRUNED
7,250814.65016132532,2026-09-28 05:59:09.000165,2026-09-28 05:59:09.412815,0 days 00:00:00.412650,4,633,0.004809461967501573,0.07896186801026692,,PRUNED
8,289675.5356596888,2026-09-28 05:59:09.415289,2026-09-28 05:59:09.818556,0 days 00:00:00.403267,10,158,1.7123375973163988,0.26690431824362526,,PRUNED
9,244796.22033912392,2026-09-28 05:59:09.819894,2026-09-28 05:59:10.081427,0 days 00:00:00.261533,4,374,0.057624872164786026,0.1024932221692416,,PRUNED
10,288893.0017676576,2026-09-28 05:59:10.082973,2026-09-28 05:59:10.211896,0 days 00:00:00.128923,4,184,2.6521016346709656,0.2147828486761161,"{""depth"": 4, ""iterations"": 184, ""l2_leaf_reg"": 2.6521016346709656, ""learning_rate"": 0.2147828486761161}",PRUNED
11,257935.07633256778,2026-09-28 05:59:10.212946,2026-09-28 05:59:10.346050,0 days 00:00:00.133104,6,139,3.7783882725058087,0.030891520069923566,"{""depth"": 6, ""iterations"": 139, ""l2_leaf_reg"": 3.7783882725058087, ""learning_rate"": 0.030891520069923566}",PRUNED
12,228035.61604146537,2026-09-28 05:59:10.348222,2026-09-28 05:59:10.713999,0 days 00:00:00.365777,6,324,0.5386747205025244,0.012020270722522394,"{""depth"": 6, ""iterations"": 324, ""l2_leaf_reg"": 0.5386747205025244, ""learning_rate"": 0.012020270722522394}",PRUNED
13,200915.61030542786,2026-09-28 05:59:10.719219,2026-09-28 05:59:13.213115,0 days 00:00:02.493896,9,350,4.459144195786315,0.06145822635229092,"{""depth"": 9, ""iterations"": 350, ""l2_leaf_reg"": 4.459144195786315, ""learning_rate"": 0.06145822635229092}",PRUNED
14,283371.54017242644,2026-09-28 05:59:13.215480,2026-09-28 05:59:18.326613,0 days 00:00:05.111133,8,611,0.9548487036606492,0.06464280004258527,"{""depth"": 8, ""iterations"": 611, ""l2_leaf_reg"": 0.9548487036606492, ""learning_rate"": 0.06464280004258527}",COMPLETE
15,201397.18510901305,2026-09-28 05:59:18.328225,2026-09-28 05:59:20.551417,0 days 00:00:02.223192,10,339,0.042096470561919605,0.2684406585468024,"{""depth"": 10, ""iterations"": 339, ""l2_leaf_reg"": 0.042096470561919605, ""learning_rate"": 0.2684406585468024}",PRUNED
16,281392.68743574683,2026-09-28 05:59:20.552697,2026-09-28 05:59:20.751144,0 days 00:00:00.198447,10,159,7.27106369403567,0.10809819459882059,"{""depth"": 10, ""iterations"": 159, ""l2_leaf_reg"": 7.27106369403567, ""learning_rate"": 0.10809819459882059}",PRUNED
17,239966.8122925747,2026-09-28 05:59:20.752977,2026-09-28 05:59:22.160844,0 days 00:00:01.407867,8,558,0.3021682430894399,0.18028336594549627,"{""depth"": 8, ""iterations"": 558, ""l2_leaf_reg"": 0.3021682430894399, ""learning_rate"": 0.18028336594549627}",PRUNED
18,225662.03677854227,2026-09-28 05:59:22.162195,2026-09-28 05:59:24.085628,0 days 00:00:01.923433,10,722,3.2927297608279766,0.03402265177816778,"{""depth"": 10, ""iterations"": 722, ""l2_leaf_reg"": 3.2927297608279766, ""learning_rate"": 0.03402265177816778}",PRUNED
19,227237.81156311644,2026-09-28 05:59:24.089254,2026-09-28 05:59:24.703140,0 days 00:00:00.613886,6,427,1.8646622283558927,0.09158934264721466,"{""depth"": 6, ""iterations"": 427, ""l2_leaf_reg"": 1.8646622283558927, ""learning_rate"": 0.09158934264721466}",PRUNED
20,231480.89263667227,2026-09-28 05:59:24.707248,2026-09-28 05:59:25.030674,0 days 00:00:00.323426,4,411,4.067748487977822,0.012371540837047515,"{""depth"": 4, ""iterations"": 411, ""l2_leaf_reg"": 4.067748487977822, ""learning_rate"": 0.012371540837047515}",PRUNED
21,224422.1773738607,2026-09-28 05:59:25.033397,2026-09-28 05:59:26.191461,0 days 00:00:01.158064,8,504,6.041610341677256,0.016542307239171855,"{""depth"": 8, ""iterations"": 504, ""l2_leaf_reg"": 6.041610341677256, ""learning_rate"": 0.016542307239171855}",PRUNED
22,241075.91150387036,2026-09-28 05:59:26.196423,2026-09-28 05:59:26.730113,0 days 00:00:00.533690,4,648,3.575155965334029,0.012170703127590093,"{""depth"": 4, ""iterations"": 648, ""l2_leaf_reg"": 3.575155965334029, ""learning_rate"": 0.012170703127590093}",PRUNED
23,232173.49787172597,2026-09-28 05:59:26.732224,2026-09-28 05:59:28.685385,0 days 00:00:01.953161,9,660,2.758904316304476,0.01213041769716582,"{""depth"": 9, ""iterations"": 660, ""l2_leaf_reg"": 2.758904316304476, ""learning_rate"": 0.01213041769716582}",PRUNED
24,228681.13449620138,2026-09-28 05:59:28.687340,2026-09-28 05:59:29.535596,0 days 00:00:00.848256,10,423,3.102658730605607,0.014792340143919693,"{""depth"": 10, ""iterations"": 423, ""l2_leaf_reg"": 3.102658730605607, ""learning_rate"": 0.014792340143919693}",PRUNED
25,249949.21774619925,2026-09-28 05:59:29.540555,2026-09-28 05:59:30.354252,0 days 00:00:00.813697,5,803,3.0522735116151187,0.014488994295128217,"{""depth"": 5, ""iterations"": 803, ""l2_leaf_reg"": 3.0522735116151187, ""learning_rate"": 0.014488994295128217}",PRUNED
26,260825.02366653088,2026-09-28 05:59:30.359845,2026-09-28 05:59:31.345364,0 days 00:00:00.985519,7,248,5.240662987109576,0.010204153607918516,"{""depth"": 7, ""iterations"": 248, ""l2_leaf_reg"": 5.240662987109576, ""learning_rate"": 0.010204153607918516}",COMPLETE
27,223738.30550709015,2026-09-28 05:59:31.348789,2026-09-28 05:59:31.932504,0 days 00:00:00.583715,8,252,0.7416609549504144,0.02572841158776436,"{""depth"": 8, ""iterations"": 252, ""l2_leaf_reg"": 0.7416609549504144, ""learning_rate"": 0.02572841158776436}",PRUNED
28,256696.53375600636,2026-09-28 05:59:31.936973,2026-09-28 05:59:32.373182,0 days 00:00:00.436209,6,324,1.970256574118694,0.03753895711095699,"{""depth"": 6, ""iterations"": 324, ""l2_leaf_reg"": 1.970256574118694, ""learning_rate"": 0.03753895711095699}",PRUNED
29,239462.82327319117,2026-09-28 05:59:32.378267,2026-09-28 05:59:32.608958,0 days 00:00:00.230691,5,240,4.94414161558885,0.024901625831737526,"{""depth"": 5, ""iterations"": 240, ""l2_leaf_reg"": 4.94414161558885, ""learning_rate"": 0.024901625831737526}",PRUNED
30,275556.0035809924,2026-09-28 05:59:32.611021,2026-09-28 05:59:34.202517,0 days 00:00:01.591496,9,242,5.329705471023997,0.02265268444966832,"{""depth"": 9, ""iterations"": 242, ""l2_leaf_reg"": 5.329705471023997, ""learning_rate"": 0.02265268444966832}",COMPLETE
31,229092.23542870316,2026-09-28 05:59:34.204924,2026-09-28 05:59:34.545785,0 days 00:00:00.340861,10,303,4.674516066291463,0.010129700082623245,"{""depth"": 10, ""iterations"": 303, ""l2_leaf_reg"": 4.674516066291463, ""learning_rate"": 0.010129700082623245}",PRUNED
32,255320.29145251407,2026-09-28 05:59:34.547700,2026-09-28 05:59:34.653714,0 days 00:00:00.106014,7,108,1.077096687092639,0.01762204119163409,"{""depth"": 7, ""iterations"": 108, ""l2_leaf_reg"": 1.077096687092639, ""learning_rate"": 0.01762204119163409}",PRUNED
33,241669.9283956998,2026-09-28 05:59:34.658974,2026-09-28 05:59:34.903898,0 days 00:00:00.244924,8,198,1.7443775095817955,0.013039553379781747,"{""depth"": 8, ""iterations"": 198, ""l2_leaf_reg"": 1.7443775095817955, ""learning_rate"": 0.013039553379781747}",PRUNED
34,239730.0788310504,2026-09-28 05:59:34.906200,2026-09-28 05:59:35.369131,0 days 00:00:00.462931,6,389,1.2987867632288856,0.018284406924427517,"{""depth"": 6, ""iterations"": 389, ""l2_leaf_reg"": 1.2987867632288856, ""learning_rate"": 0.018284406924427517}",PRUNED
35,230771.857135325,2026-09-28 05:59:35.371524,2026-09-28 05:59:35.757179,0 days 00:00:00.385655,8,213,8.643574770839157,0.010700852161188146,"{""depth"": 8, ""iterations"": 213, ""l2_leaf_reg"": 8.643574770839157, ""learning_rate"": 0.010700852161188146}",PRUNED
36,273675.9546533904,2026-09-28 05:59:35.761009,2026-09-28 05:59:36.504085,0 days 00:00:00.743076,5,245,0.4583677933353982,0.010020370912860817,"{""depth"": 5, ""iterations"": 245, ""l2_leaf_reg"": 0.4583677933353982, ""learning_rate"": 0.010020370912860817}",COMPLETE
37,238382.36019265532,2026-09-28 05:59:36.506572,2026-09-28 05:59:36.602809,0 days 00:00:00.096237,4,129,5.524769630397337,0.014486277978409047,"{""depth"": 4, ""iterations"": 129, ""l2_leaf_reg"": 5.524769630397337, ""learning_rate"": 0.014486277978409047}",PRUNED
38,198592.98320075305,2026-09-28 05:59:36.605787,2026-09-28 05:59:37.149890,0 days 00:00:00.544103,5,248,1.054129560718164,0.017950563631513518,"{""depth"": 5, ""iterations"": 248, ""l2_leaf_reg"": 1.054129560718164, ""learning_rate"": 0.017950563631513518}",PRUNED
39,230588.45563873588,2026-09-28 05:59:37.157086,2026-09-28 05:59:37.327977,0 days 00:00:00.170891,6,193,0.4479651248772199,0.013127466573376425,"{""depth"": 6, ""iterations"": 193, ""l2_leaf_reg"": 0.4479651248772199, ""learning_rate"": 0.013127466573376425}",PRUNED
40,223027.8856269356,2026-09-28 05:59:37.334183,2026-09-28 05:59:37.575575,0 days 00:00:00.241392,5,262,1.1061612104061223,0.010594077510042418,"{""depth"": 5, ""iterations"": 262, ""l2_leaf_reg"": 1.1061612104061223, ""learning_rate"": 0.010594077510042418}",PRUNED
41,226019.58387956343,2026-09-28 05:59:37.580273,2026-09-28 05:59:37.965287,0 days 00:00:00.385014,7,254,2.80802017200648,0.022880988682585278,"{""depth"": 7, ""iterations"": 254, ""l2_leaf_reg"": 2.80802017200648, ""learning_rate"": 0.022880988682585278}",PRUNED
42,226413.16861693707,2026-09-28 05:59:37.969028,2026-09-28 05:59:38.427429,0 days 00:00:00.458401,8,312,2.3585285026966187,0.013154757089492186,"{""depth"": 8, ""iterations"": 312, ""l2_leaf_reg"": 2.3585285026966187, ""learning_rate"": 0.013154757089492186}",PRUNED
43,208801.17889478942,2026-09-28 05:59:38.432619,2026-09-28 05:59:38.709869,0 days 00:00:00.277250,5,191,0.2970325489666429,0.020043469941916827,"{""depth"": 5, ""iterations"": 191, ""l2_leaf_reg"": 0.2970325489666429, ""learning_rate"": 0.020043469941916827}",PRUNED
44,240357.88484704733,2026-09-28 05:59:38.713155,2026-09-28 05:59:38.808216,0 days 00:00:00.095061,7,100,9.810733854950605,0.018907275289095537,"{""depth"": 7, ""iterations"": 100, ""l2_leaf_reg"": 9.810733854950605, ""learning_rate"": 0.018907275289095537}",PRUNED
45,227885.01423974088,2026-09-28 05:59:38.815351,2026-09-28 05:59:39.264480,0 days 00:00:00.449129,9,240,7.342478252047933,0.021358797342922346,"{""depth"": 9, ""iterations"": 240, ""l2_leaf_reg"": 7.342478252047933, ""learning_rate"": 0.021358797342922346}",PRUNED
46,222921.36084620238,2026-09-28 05:59:39.269812,2026-09-28 05:59:39.673536,0 days 00:00:00.403724,7,329,8.8005086088799,0.016330373650263123,"{""depth"": 7, ""iterations"": 329, ""l2_leaf_reg"": 8.8005086088799, ""learning_rate"": 0.016330373650263123}",PRUNED
47,224091.20130406652,2026-09-28 05:59:39.679233,2026-09-28 05:59:39.997610,0 days 00:00:00.318377,6,295,7.144399063832472,0.012987772222023809,"{""depth"": 6, ""iterations"": 295, ""l2_leaf_reg"": 7.144399063832472, ""learning_rate"": 0.012987772222023809}",PRUNED
48,232551.2918923893,2026-09-28 05:59:40.004250,2026-09-28 05:59:40.263656,0 days 00:00:00.259406,7,228,5.766111285018226,0.017427567510587983,"{""depth"": 7, ""iterations"": 228, ""l2_leaf_reg"": 5.766111285018226, ""learning_rate"": 0.017427567510587983}",PRUNED
49,275653.0686618492,2026-09-28 05:59:40.269103,2026-09-28 05:59:41.260229,0 days 00:00:00.991126,5,338,2.98260223512693,0.010006112196483175,"{""depth"": 5, ""iterations"": 338, ""l2_leaf_reg"": 2.98260223512693, ""learning_rate"": 0.010006112196483175}",COMPLETE
50,229654.05712952372,2026-09-28 05:59:41.265668,2026-09-28 05:59:41.550471,0 days 00:00:00.284803,5,296,4.014591889067938,0.01234997195011733,"{""depth"": 5, ""iterations"": 296, ""l2_leaf_reg"": 4.014591889067938, ""learning_rate"": 0.01234997195011733}",PRUNED
51,247269.53168449044,2026-09-28 05:59:41.556586,2026-09-28 05:59:41.713648,0 days 00:00:00.157062,8,121,2.3439420468655774,0.01029655201322388,"{""depth"": 8, ""iterations"": 121, ""l2_leaf_reg"": 2.3439420468655774, ""learning_rate"": 0.01029655201322388}",PRUNED
52,274437.13328491856,2026-09-28 05:59:41.719189,2026-09-28 05:59:42.447240,0 days 00:00:00.728051,5,216,0.1227161983189666,0.01115224678919046,"{""depth"": 5, ""iterations"": 216, ""l2_leaf_reg"": 0.1227161983189666, ""learning_rate"": 0.01115224678919046}",COMPLETE
53,195143.0877621008,2026-09-28 05:59:42.452224,2026-09-28 05:59:43.043334,0 days 00:00:00.591110,5,281,0.24548917341852783,0.013083639892829759,"{""depth"": 5, ""iterations"": 281, ""l2_leaf_reg"": 0.24548917341852783, ""learning_rate"": 0.013083639892829759}",PRUNED
54,279068.08631080744,2026-09-28 05:59:43.047350,2026-09-28 05:59:43.590310,0 days 00:00:00.542960,4,225,0.09782215803001475,0.010621675752548106,"{""depth"": 4, ""iterations"": 225, ""l2_leaf_reg"": 0.09782215803001475, ""learning_rate"": 0.010621675752548106}",COMPLETE
55,249678.23358746045,2026-09-28 05:59:43.594491,2026-09-28 05:59:43.758198,0 days 00:00:00.163707,6,192,2.7864477973550867,0.014794868067672055,"{""depth"": 6, ""iterations"": 192, ""l2_leaf_reg"": 2.7864477973550867, ""learning_rate"": 0.014794868067672055}",PRUNED
56,193979.49687210395,2026-09-28 05:59:43.761428,2026-09-28 05:59:44.449038,0 days 00:00:00.687610,5,357,0.21217956872885924,0.010561464451209925,"{""depth"": 5, ""iterations"": 357, ""l2_leaf_reg"": 0.21217956872885924, ""learning_rate"": 0.010561464451209925}",PRUNED
57,194510.69173449863,2026-09-28 05:59:44.455115,2026-09-28 05:59:44.712196,0 days 00:00:00.257081,5,155,0.22469430507524213,0.013320312365136928,"{""depth"": 5, ""iterations"": 155, ""l2_leaf_reg"": 0.22469430507524213, ""learning_rate"": 0.013320312365136928}",PRUNED
58,237702.39597818395,2026-09-28 05:59:44.726350,2026-09-28 05:59:44.840844,0 days 00:00:00.114494,6,135,4.286059445025286,0.01004139798806393,"{""depth"": 6, ""iterations"": 135, ""l2_leaf_reg"": 4.286059445025286, ""learning_rate"": 0.01004139798806393}",PRUNED
59,236999.23970194455,2026-09-28 05:59:44.849706,2026-09-28 05:59:45.071800,0 days 00:00:00.222094,5,182,5.006663884190962,0.010075244258866783,"{""depth"": 5, ""iterations"": 182, ""l2_leaf_reg"": 5.006663884190962, ""learning_rate"": 0.010075244258866783}",PRUNED
60,192353.00596041762,2026-09-28 05:59:45.092905,2026-09-28 05:59:45.956326,0 days 00:00:00.863421,7,333,2.109016161375478,0.010701882206023578,"{""depth"": 7, ""iterations"": 333, ""l2_leaf_reg"": 2.109016161375478, ""learning_rate"": 0.010701882206023578}",PRUNED
61,221885.30872373495,2026-09-28 05:59:45.961005,2026-09-28 05:59:46.062481,0 days 00:00:00.101476,4,113,0.2646714297973663,0.013349476589485161,"{""depth"": 4, ""iterations"": 113, ""l2_leaf_reg"": 0.2646714297973663, ""learning_rate"": 0.013349476589485161}",PRUNED
62,197118.90944144203,2026-09-28 05:59:46.068091,2026-09-28 05:59:46.324042,0 days 00:00:00.255951,4,198,0.1822084744675908,0.01280549919789694,"{""depth"": 4, ""iterations"": 198, ""l2_leaf_reg"": 0.1822084744675908, ""learning_rate"": 0.01280549919789694}",PRUNED
63,226270.81918720755,2026-09-28 05:59:46.335837,2026-09-28 05:59:46.590270,0 days 00:00:00.254433,4,278,2.177853057692672,0.013039689702184824,"{""depth"": 4, ""iterations"": 278, ""l2_leaf_reg"": 2.177853057692672, ""learning_rate"": 0.013039689702184824}",PRUNED
64,227602.06279450626,2026-09-28 05:59:46.600388,2026-09-28 05:59:46.945464,0 days 00:00:00.345076,5,329,1.0871392318574247,0.012686480164410804,"{""depth"": 5, ""iterations"": 329, ""l2_leaf_reg"": 1.0871392318574247, ""learning_rate"": 0.012686480164410804}",PRUNED
65,193308.03062798345,2026-09-28 05:59:46.950118,2026-09-28 05:59:47.528137,0 days 00:00:00.578019,5,292,0.07428842037719943,0.01146144011918993,"{""depth"": 5, ""iterations"": 292, ""l2_leaf_reg"": 0.07428842037719943, ""learning_rate"": 0.01146144011918993}",PRUNED
66,221286.45450529698,2026-09-28 05:59:47.536307,2026-09-28 05:59:47.793233,0 days 00:00:00.256926,4,350,0.07517766415011837,0.011346338256458902,"{""depth"": 4, ""iterations"": 350, ""l2_leaf_reg"": 0.07517766415011837, ""learning_rate"": 0.011346338256458902}",PRUNED
67,278028.19188603945,2026-09-28 05:59:47.799704,2026-09-28 05:59:48.563400,0 days 00:00:00.763696,5,252,0.6854454137683959,0.014497418513540907,"{""depth"": 5, ""iterations"": 252, ""l2_leaf_reg"": 0.6854454137683959, ""learning_rate"": 0.014497418513540907}",COMPLETE
68,226909.3666664553,2026-09-28 05:59:48.567646,2026-09-28 05:59:48.845149,0 days 00:00:00.277503,5,238,2.466987519115232,0.014110547381502164,"{""depth"": 5, ""iterations"": 238, ""l2_leaf_reg"": 2.466987519115232, ""learning_rate"": 0.014110547381502164}",PRUNED
69,235488.8685157196,2026-09-28 05:59:48.848924,2026-09-28 05:59:48.996623,0 days 00:00:00.147699,5,166,1.8081229400268588,0.013240058641640465,"{""depth"": 5, ""iterations"": 166, ""l2_leaf_reg"": 1.8081229400268588, ""learning_rate"": 0.013240058641640465}",PRUNED
70,225080.48352171102,2026-09-28 05:59:49.005842,2026-09-28 05:59:49.310230,0 days 00:00:00.304388,6,253,2.5842920884246663,0.010149165895933496,"{""depth"": 6, ""iterations"": 253, ""l2_leaf_reg"": 2.5842920884246663, ""learning_rate"": 0.010149165895933496}",PRUNED
71,271637.63131356,2026-09-28 05:59:49.317417,2026-09-28 05:59:49.665225,0 days 00:00:00.347808,5,135,0.09535132081701429,0.010129519038700045,"{""depth"": 5, ""iterations"": 135, ""l2_leaf_reg"": 0.09535132081701429, ""learning_rate"": 0.010129519038700045}",COMPLETE
72,248781.3714327241,2026-09-28 05:59:49.673181,2026-09-28 05:59:49.800094,0 days 00:00:00.126913,6,128,0.0790555354496336,0.010950870905786034,"{""depth"": 6, ""iterations"": 128, ""l2_leaf_reg"": 0.0790555354496336, ""learning_rate"": 0.010950870905786034}",PRUNED
73,222666.3514269716,2026-09-28 05:59:49.805207,2026-09-28 05:59:50.016909,0 days 00:00:00.211702,4,244,4.270432564902269,0.010526347633683836,"{""depth"": 4, ""iterations"": 244, ""l2_leaf_reg"": 4.270432564902269, ""learning_rate"": 0.010526347633683836}",PRUNED
74,271888.51044258225,2026-09-28 05:59:50.026651,2026-09-28 05:59:51.132134,0 days 00:00:01.105483,6,334,3.1404677535225947,0.010382849490093623,"{""depth"": 6, ""iterations"": 334, ""l2_leaf_reg"": 3.1404677535225947, ""learning_rate"": 0.010382849490093623}",COMPLETE
75,220175.66838396734,2026-09-28 05:59:51.138049,2026-09-28 05:59:51.368823,0 days 00:00:00.230774,5,223,0.6518381105385205,0.012915394833383163,"{""depth"": 5, ""iterations"": 223, ""l2_leaf_reg"": 0.6518381105385205, ""learning_rate"": 0.012915394833383163}",PRUNED
76,274916.36632588366,2026-09-28 05:59:51.377614,2026-09-28 05:59:52.040341,0 days 00:00:00.662727,5,218,0.10331683744782581,0.010559121241316288,"{""depth"": 5, ""iterations"": 218, ""l2_leaf_reg"": 0.10331683744782581, ""learning_rate"": 0.010559121241316288}",COMPLETE
77,271902.8850024637,2026-09-28 05:59:52.045770,2026-09-28 05:59:52.683144,0 days 00:00:00.637374,5,206,0.036122144638134075,0.0131077451349572,"{""depth"": 5, ""iterations"": 206, ""l2_leaf_reg"": 0.036122144638134075, ""learning_rate"": 0.0131077451349572}",COMPLETE
