number,value,datetime_start,datetime_complete,duration,params_colsample_bytree,params_learning_rate,params_max_depth,params_min_child_weight,params_n_estimators,params_reg_lambda,params_subsample,system_attrs_tpe:relative_params:0,state
0,318112.3999542124,2026-09-28 05:59:52.778006,2026-09-28 05:59:53.275499,0 days 00:00:00.497493,0.6624074561769746,0.1205712628744377,10,2,362,0.0017073967431528124,0.8394633936788146,,COMPLETE
1,361282.3574862637,2026-09-28 05:59:53.276527,2026-09-28 05:59:53.744048,0 days 00:00:00.467521,0.9879639408647978,0.11114989443094977,7,9,707,0.0070689749506246055,0.608233797718321,,COMPLETE
2,331180.641025641,2026-09-28 05:59:53.744917,2026-09-28 05:59:54.133260,0 days 00:00:00.388343,0.7727780074568463,0.028145092716060652,4,3,227,0.2801635158716261,0.8099025726528951,,COMPLETE
3,353091.74496337,2026-09-28 05:59:54.135341,2026-09-28 05:59:54.414206,0 days 00:00:00.278865,0.9140703845572055,0.03476649150592621,5,2,197,0.11400863701127326,0.7824279936868144,,COMPLETE
4,327901.3624084249,2026-09-28 05:59:54.415241,2026-09-28 05:59:54.848910,0 days 00:00:00.433669,0.6260206371941118,0.07896186801026692,3,10,515,7.2866537374910445,0.6682096494749166,,COMPLETE
5,322699.1633470696,2026-09-28 05:59:54.850039,2026-09-28 05:59:55.553857,0 days 00:00:00.703818,0.7760609974958406,0.013940346079873234,5,2,666,0.09565499215943825,0.8736932106048627,,COMPLETE
6,280621.9270833333,2026-09-28 05:59:55.555687,2026-09-28 05:59:55.843302,0 days 00:00:00.287615,0.7246844304357644,0.024112898115291985,10,6,124,0.1537592023548176,0.8650089137415928,,COMPLETE
7,266336.1569368132,2026-09-28 05:59:55.844438,2026-09-28 05:59:56.161116,0 days 00:00:00.316678,0.9579309401710595,0.13962563737015762,10,6,229,4.869640941520899,0.9757995766256756,,COMPLETE
8,264200.3125,2026-09-28 05:59:56.163084,2026-09-28 05:59:56.247202,0 days 00:00:00.084118,0.7554709158757928,0.011662890273931383,4,3,162,2.0651425578959257,0.7301321323053057,,PRUNED
9,273472.84375,2026-09-28 05:59:56.248245,2026-09-28 05:59:56.397892,0 days 00:00:00.149647,0.9208787923016158,0.06333268775321842,5,1,350,8.862326508576253,0.6563696899899051,,PRUNED
10,269976.6160714286,2026-09-28 05:59:56.399389,2026-09-28 05:59:56.522961,0 days 00:00:00.123572,0.987970720488144,0.012406514593641586,6,5,359,8.914454559851093,0.9781091477925212,"{""colsample_bytree"": 0.987970720488144, ""learning_rate"": 0.012406514593641586, ""max_depth"": 6, ""min_child_weight"": 5, ""n_estimators"": 359, ""reg_lambda"": 8.914454559851093, ""subsample"": 0.9781091477925212}",PRUNED
11,288421.83356227103,2026-09-28 05:59:56.524358,2026-09-28 05:59:56.836571,0 days 00:00:00.312213,0.8043974258918789,0.19865108706212872,10,7,205,0.39895113668450916,0.9404161214246485,"{""colsample_bytree"": 0.8043974258918789, ""learning_rate"": 0.19865108706212872, ""max_depth"": 10, ""min_child_weight"": 7, ""n_estimators"": 205, ""reg_lambda"": 0.39895113668450916, ""subsample"": 0.9404161214246485}",COMPLETE
12,258557.26785714287,2026-09-28 05:59:56.839999,2026-09-28 05:59:56.957624,0 days 00:00:00.117625,0.8293724957932168,0.017053466729978345,9,5,252,7.563195411673705,0.9372429281338892,"{""colsample_bytree"": 0.8293724957932168, ""learning_rate"": 0.017053466729978345, ""max_depth"": 9, ""min_child_weight"": 5, ""n_estimators"": 252, ""reg_lambda"": 7.563195411673705, ""subsample"": 0.9372429281338892}",PRUNED
13,288432.23054029304,2026-09-28 05:59:56.960357,2026-09-28 05:59:57.340901,0 days 00:00:00.380544,0.6311923027347888,0.019996710357337813,10,6,286,0.15150956606288626,0.8588609823951296,"{""colsample_bytree"": 0.6311923027347888, ""learning_rate"": 0.019996710357337813, ""max_depth"": 10, ""min_child_weight"": 6, ""n_estimators"": 286, ""reg_lambda"": 0.15150956606288626, ""subsample"": 0.8588609823951296}",COMPLETE
14,315884.7841117216,2026-09-28 05:59:57.342589,2026-09-28 05:59:57.633122,0 days 00:00:00.290533,0.8813526780487984,0.048981388865162664,10,4,135,3.66741850377484,0.9835414028034949,"{""colsample_bytree"": 0.8813526780487984, ""learning_rate"": 0.048981388865162664, ""max_depth"": 10, ""min_child_weight"": 4, ""n_estimators"": 135, ""reg_lambda"": 3.66741850377484, ""subsample"": 0.9835414028034949}",COMPLETE
15,283416.89182692306,2026-09-28 05:59:57.636196,2026-09-28 05:59:57.896822,0 days 00:00:00.260626,0.9198982831869681,0.1945040367022968,9,5,229,3.848864497829675,0.9437752271489679,"{""colsample_bytree"": 0.9198982831869681, ""learning_rate"": 0.1945040367022968, ""max_depth"": 9, ""min_child_weight"": 5, ""n_estimators"": 229, ""reg_lambda"": 3.848864497829675, ""subsample"": 0.9437752271489679}",COMPLETE
16,284646.2962454212,2026-09-28 05:59:57.899264,2026-09-28 05:59:58.263396,0 days 00:00:00.364132,0.9920024351063244,0.2606049722097814,10,7,304,0.8772403695646055,0.8616246698713456,"{""colsample_bytree"": 0.9920024351063244, ""learning_rate"": 0.2606049722097814, ""max_depth"": 10, ""min_child_weight"": 7, ""n_estimators"": 304, ""reg_lambda"": 0.8772403695646055, ""subsample"": 0.8616246698713456}",COMPLETE
17,260152.57589285713,2026-09-28 05:59:58.266823,2026-09-28 05:59:58.390240,0 days 00:00:00.123417,0.7609386451960037,0.011872224469451468,10,7,191,0.8971764664593489,0.7896925184019424,"{""colsample_bytree"": 0.7609386451960037, ""learning_rate"": 0.011872224469451468, ""max_depth"": 10, ""min_child_weight"": 7, ""n_estimators"": 191, ""reg_lambda"": 0.8971764664593489, ""subsample"": 0.7896925184019424}",PRUNED
18,295299.54464285716,2026-09-28 05:59:58.391980,2026-09-28 05:59:58.494573,0 days 00:00:00.102593,0.8840447752737359,0.07325546312074237,10,9,199,0.35061381967261374,0.8852168809479888,"{""colsample_bytree"": 0.8840447752737359, ""learning_rate"": 0.07325546312074237, ""max_depth"": 10, ""min_child_weight"": 9, ""n_estimators"": 199, ""reg_lambda"": 0.35061381967261374, ""subsample"": 0.8852168809479888}",PRUNED
19,249914.39285714287,2026-09-28 05:59:58.497400,2026-09-28 05:59:58.642648,0 days 00:00:00.145248,0.8429490503855603,0.10525486453357041,10,7,371,3.0198923441188645,0.8887430876983232,"{""colsample_bytree"": 0.8429490503855603, ""learning_rate"": 0.10525486453357041, ""max_depth"": 10, ""min_child_weight"": 7, ""n_estimators"": 371, ""reg_lambda"": 3.0198923441188645, ""subsample"": 0.8887430876983232}",PRUNED
20,234404.9642857143,2026-09-28 05:59:58.644596,2026-09-28 05:59:58.770126,0 days 00:00:00.125530,0.9995001445849658,0.2099314645641842,10,7,266,5.4587518487704925,0.9669061719757491,"{""colsample_bytree"": 0.9995001445849658, ""learning_rate"": 0.2099314645641842, ""max_depth"": 10, ""min_child_weight"": 7, ""n_estimators"": 266, ""reg_lambda"": 5.4587518487704925, ""subsample"": 0.9669061719757491}",PRUNED
21,317656.88747710624,2026-09-28 05:59:58.773251,2026-09-28 05:59:59.037965,0 days 00:00:00.264714,0.9447591529909789,0.12027834783298519,9,4,114,1.5810144732625624,0.8604573804227785,"{""colsample_bytree"": 0.9447591529909789, ""learning_rate"": 0.12027834783298519, ""max_depth"": 9, ""min_child_weight"": 4, ""n_estimators"": 114, ""reg_lambda"": 1.5810144732625624, ""subsample"": 0.8604573804227785}",COMPLETE
22,245496.74107142858,2026-09-28 05:59:59.041058,2026-09-28 05:59:59.119864,0 days 00:00:00.078806,0.9387731321754123,0.021870971404321784,10,6,139,5.9851205707949315,0.8589931877241006,"{""colsample_bytree"": 0.9387731321754123, ""learning_rate"": 0.021870971404321784, ""max_depth"": 10, ""min_child_weight"": 6, ""n_estimators"": 139, ""reg_lambda"": 5.9851205707949315, ""subsample"": 0.8589931877241006}",PRUNED
23,238562.1830357143,2026-09-28 05:59:59.124527,2026-09-28 05:59:59.232087,0 days 00:00:00.107560,0.7403625287841022,0.12488439125408676,8,4,241,8.019620545848316,0.941644300367521,"{""colsample_bytree"": 0.7403625287841022, ""learning_rate"": 0.12488439125408676, ""max_depth"": 8, ""min_child_weight"": 4, ""n_estimators"": 241, ""reg_lambda"": 8.019620545848316, ""subsample"": 0.941644300367521}",PRUNED
24,248052.69642857142,2026-09-28 05:59:59.235232,2026-09-28 05:59:59.345240,0 days 00:00:00.110008,0.9680845462590587,0.18144474993679027,9,5,260,0.41735852819535996,0.9088816886735193,"{""colsample_bytree"": 0.9680845462590587, ""learning_rate"": 0.18144474993679027, ""max_depth"": 9, ""min_child_weight"": 5, ""n_estimators"": 260, ""reg_lambda"": 0.41735852819535996, ""subsample"": 0.9088816886735193}",PRUNED
25,279563.16701007326,2026-09-28 05:59:59.349309,2026-09-28 05:59:59.655322,0 days 00:00:00.306013,0.8974151826987873,0.05481385827502118,10,5,199,0.18773076271706737,0.9908900583980235,"{""colsample_bytree"": 0.8974151826987873, ""learning_rate"": 0.05481385827502118, ""max_depth"": 10, ""min_child_weight"": 5, ""n_estimators"": 199, ""reg_lambda"": 0.18773076271706737, ""subsample"": 0.9908900583980235}",COMPLETE
26,277329.75583791215,2026-09-28 05:59:59.661649,2026-09-28 05:59:59.940083,0 days 00:00:00.278434,0.9099539042577962,0.09614662357124804,9,5,225,0.022837513002866336,0.9659067507625122,"{""colsample_bytree"": 0.9099539042577962, ""learning_rate"": 0.09614662357124804, ""max_depth"": 9, ""min_child_weight"": 5, ""n_estimators"": 225, ""reg_lambda"": 0.022837513002866336, ""subsample"": 0.9659067507625122}",COMPLETE
27,240204.0580357143,2026-09-28 05:59:59.942905,2026-09-28 06:00:00.075814,0 days 00:00:00.132909,0.8980713412598235,0.0969846392210414,8,7,174,0.9474362637217145,0.9785431446380831,"{""colsample_bytree"": 0.8980713412598235, ""learning_rate"": 0.0969846392210414, ""max_depth"": 8, ""min_child_weight"": 7, ""n_estimators"": 174, ""reg_lambda"": 0.9474362637217145, ""subsample"": 0.9785431446380831}",PRUNED
28,245315.1919642857,2026-09-28 06:00:00.084245,2026-09-28 06:00:00.199961,0 days 00:00:00.115716,0.9024299635509155,0.10874490456532401,9,4,237,0.01816042122522144,0.9772334500859776,"{""colsample_bytree"": 0.9024299635509155, ""learning_rate"": 0.10874490456532401, ""max_depth"": 9, ""min_child_weight"": 4, ""n_estimators"": 237, ""reg_lambda"": 0.01816042122522144, ""subsample"": 0.9772334500859776}",PRUNED
29,265031.779532967,2026-09-28 06:00:00.202502,2026-09-28 06:00:00.446932,0 days 00:00:00.244430,0.9665837824359954,0.0969051816086107,10,6,145,0.13745320730243507,0.9913635222300002,"{""colsample_bytree"": 0.9665837824359954, ""learning_rate"": 0.0969051816086107, ""max_depth"": 10, ""min_child_weight"": 6, ""n_estimators"": 145, ""reg_lambda"": 0.13745320730243507, ""subsample"": 0.9913635222300002}",COMPLETE
30,235305.26785714287,2026-09-28 06:00:00.451311,2026-09-28 06:00:00.505601,0 days 00:00:00.054290,0.9501073904116312,0.1627416408580008,10,7,104,0.24629123408911824,0.9619852183857646,"{""colsample_bytree"": 0.9501073904116312, ""learning_rate"": 0.1627416408580008, ""max_depth"": 10, ""min_child_weight"": 7, ""n_estimators"": 104, ""reg_lambda"": 0.24629123408911824, ""subsample"": 0.9619852183857646}",PRUNED
31,269121.7582417583,2026-09-28 06:00:00.509773,2026-09-28 06:00:00.828258,0 days 00:00:00.318485,0.9972937568288648,0.07592571193113137,9,6,173,0.19290340462394412,0.9607368890072275,"{""colsample_bytree"": 0.9972937568288648, ""learning_rate"": 0.07592571193113137, ""max_depth"": 9, ""min_child_weight"": 6, ""n_estimators"": 173, ""reg_lambda"": 0.19290340462394412, ""subsample"": 0.9607368890072275}",COMPLETE
